<?xml version="1.0" encoding="UTF-8"?>
<!-- Generated by org.testng.reporters.JUnitXMLReporter -->
<testsuite ignored="0" hostname="DESKTOP-E98D2QV" failures="0" tests="3" name="LoginModule" time="154.636" errors="0" timestamp="2023-02-02T12:00:07 GMT">
  <testcase classname="com.poketo.testscripts.LoginModule" name="login" time="27.688"/>
  <testcase classname="com.poketo.testscripts.LoginModule" name="login" time="24.895"/>
  <testcase classname="com.poketo.testscripts.LoginModule" name="login" time="3.259"/>
</testsuite> <!-- LoginModule -->
